Basiccode/app/build/intermediates/manifest_merge_blame_file/debug/manifest-merger-blame-debug-report.txt
1<?xml version="1.0" encoding="utf-8"?>
2<manifest xmlns:android="http://schemas.android.com/apk/res/android"
3    package="com.example.basiccode"
4    android:versionCode="1"
5    android:versionName="1.0" >
6
7    <uses-sdk
8        android:minSdkVersion="21"
8-->src\main\AndroidManifest.xml
9        android:targetSdkVersion="31" />
9-->src\main\AndroidManifest.xml
10
11    <uses-feature android:name="android.hardware.camera.any" />
11-->src\main\AndroidManifest.xml:6:5-64
11-->src\main\AndroidManifest.xml:6:19-61
12
13    <uses-permission android:name="android.permission.CAMERA" />
13-->src\main\AndroidManifest.xml:8:5-65
13-->src\main\AndroidManifest.xml:8:22-62
14    <uses-permission android:name="android.permission.RECORD_AUDIO" />
14-->src\main\AndroidManifest.xml:9:5-71
14-->src\main\AndroidManifest.xml:9:22-68
15    <uses-permission
15-->src\main\AndroidManifest.xml:10:5-12:38
16        android:name="android.permission.WRITE_EXTERNAL_STORAGE"
16-->src\main\AndroidManifest.xml:11:9-65
17        android:maxSdkVersion="28" />
17-->src\main\AndroidManifest.xml:12:9-35
18
19    <!-- Although the *SdkVersion is captured in gradle build files, this is required for non gradle builds -->
20    <!-- <uses-sdk android:minSdkVersion="14" /> -->
21    <uses-permission android:name="android.permission.ACCESS_NETWORK_STATE" />
21-->[com.google.firebase:firebase-firestore:24.1.0] AndroidManifest.xml:13:5-79
21-->[com.google.firebase:firebase-firestore:24.1.0] AndroidManifest.xml:13:22-76
22    <uses-permission android:name="android.permission.INTERNET" />
22-->[com.google.firebase:firebase-firestore:24.1.0] AndroidManifest.xml:14:5-67
22-->[com.google.firebase:firebase-firestore:24.1.0] AndroidManifest.xml:14:22-64
23
24    <queries>
24-->[androidx.camera:camera-extensions:1.1.0-beta01] AndroidManifest.xml:24:5-28:15
25        <intent>
25-->[androidx.camera:camera-extensions:1.1.0-beta01] AndroidManifest.xml:25:9-27:18
26            <action android:name="androidx.camera.extensions.action.VENDOR_ACTION" />
26-->[androidx.camera:camera-extensions:1.1.0-beta01] AndroidManifest.xml:26:13-86
26-->[androidx.camera:camera-extensions:1.1.0-beta01] AndroidManifest.xml:26:21-83
27        </intent>
28    </queries>
29
30    <uses-permission android:name="android.permission.WAKE_LOCK" /> <!-- Required by older versions of Google Play services to create IID tokens -->
30-->[com.google.firebase:firebase-iid:21.1.0] AndroidManifest.xml:24:5-68
30-->[com.google.firebase:firebase-iid:21.1.0] AndroidManifest.xml:24:22-65
31    <uses-permission android:name="com.google.android.c2dm.permission.RECEIVE" />
31-->[com.google.firebase:firebase-iid:21.1.0] AndroidManifest.xml:26:5-82
31-->[com.google.firebase:firebase-iid:21.1.0] AndroidManifest.xml:26:22-79
32    <uses-permission android:name="com.google.android.gms.permission.AD_ID" />
32-->[com.google.android.gms:play-services-measurement-api:20.1.1] AndroidManifest.xml:25:5-79
32-->[com.google.android.gms:play-services-measurement-api:20.1.1] AndroidManifest.xml:25:22-76
33    <uses-permission android:name="com.google.android.finsky.permission.BIND_GET_INSTALL_REFERRER_SERVICE" />
33-->[com.google.android.gms:play-services-measurement:20.1.1] AndroidManifest.xml:26:5-110
33-->[com.google.android.gms:play-services-measurement:20.1.1] AndroidManifest.xml:26:22-107
34
35    <application
35-->src\main\AndroidManifest.xml:14:5-48:19
36        android:allowBackup="true"
36-->src\main\AndroidManifest.xml:15:9-35
37        android:appComponentFactory="androidx.core.app.CoreComponentFactory"
37-->[androidx.core:core:1.7.0] AndroidManifest.xml:24:18-86
38        android:debuggable="true"
39        android:icon="@mipmap/ic_launcher"
39-->src\main\AndroidManifest.xml:16:9-43
40        android:label="@string/app_name"
40-->src\main\AndroidManifest.xml:17:9-41
41        android:roundIcon="@mipmap/ic_launcher_round"
41-->src\main\AndroidManifest.xml:18:9-54
42        android:supportsRtl="true"
42-->src\main\AndroidManifest.xml:19:9-35
43        android:testOnly="true"
44        android:theme="@style/Theme.AppCompat.Light.NoActionBar" >
44-->src\main\AndroidManifest.xml:20:9-65
45        <activity
45-->src\main\AndroidManifest.xml:21:9-28:20
46            android:name="com.example.basiccode.MainActivity"
46-->src\main\AndroidManifest.xml:22:13-62
47            android:exported="true" >
47-->src\main\AndroidManifest.xml:23:13-36
48
49            <!-- <intent-filter> -->
50            <!-- <action android:name="android.intent.action.MAIN" /> -->
51            <!-- <category android:name="android.intent.category.LAUNCHER" /> -->
52            <!-- </intent-filter> -->
53        </activity>
54        <activity
54-->src\main\AndroidManifest.xml:30:9-36:20
55            android:name="com.example.basiccode.MainPage"
55-->src\main\AndroidManifest.xml:30:19-43
56            android:exported="true" >
56-->src\main\AndroidManifest.xml:31:13-36
57            <intent-filter>
57-->src\main\AndroidManifest.xml:32:9-35:25
58                <action android:name="android.intent.action.MAIN" />
58-->src\main\AndroidManifest.xml:33:13-65
58-->src\main\AndroidManifest.xml:33:21-62
59
60                <category android:name="android.intent.category.LAUNCHER" />
60-->src\main\AndroidManifest.xml:34:13-73
60-->src\main\AndroidManifest.xml:34:23-70
61            </intent-filter>
62        </activity>
63        <activity android:name="com.example.basiccode.VisitPayPage" />
63-->src\main\AndroidManifest.xml:38:9-70
63-->src\main\AndroidManifest.xml:38:19-68
64        <activity android:name="com.example.basiccode.VisitPayPageResult" />
64-->src\main\AndroidManifest.xml:39:9-76
64-->src\main\AndroidManifest.xml:39:19-74
65        <activity android:name="com.example.basiccode.DailyReservationPage" />
65-->src\main\AndroidManifest.xml:40:9-79
65-->src\main\AndroidManifest.xml:40:19-76
66        <activity android:name="com.example.basiccode.DailyMainPage" />
66-->src\main\AndroidManifest.xml:41:9-71
66-->src\main\AndroidManifest.xml:41:19-69
67        <activity android:name="com.example.basiccode.DailyLogin" />
67-->src\main\AndroidManifest.xml:42:9-68
67-->src\main\AndroidManifest.xml:42:19-66
68        <activity android:name="com.example.basiccode.DailyRegister" />
68-->src\main\AndroidManifest.xml:43:9-71
68-->src\main\AndroidManifest.xml:43:19-69
69
70        <meta-data
70-->src\main\AndroidManifest.xml:45:9-47:35
71            android:name="com.google.firebase.ml.vision.DEPENDENCIES"
71-->src\main\AndroidManifest.xml:46:13-70
72            android:value="ocr" />
72-->src\main\AndroidManifest.xml:47:13-32
73
74        <service
74-->[com.google.firebase:firebase-firestore:24.1.0] AndroidManifest.xml:17:9-23:19
75            android:name="com.google.firebase.components.ComponentDiscoveryService"
75-->[com.google.firebase:firebase-firestore:24.1.0] AndroidManifest.xml:18:13-84
76            android:directBootAware="true"
76-->[com.google.firebase:firebase-common:20.1.0] AndroidManifest.xml:35:13-43
77            android:exported="false" >
77-->[com.google.firebase:firebase-firestore:24.1.0] AndroidManifest.xml:19:13-37
78            <meta-data
78-->[com.google.firebase:firebase-firestore:24.1.0] AndroidManifest.xml:20:13-22:85
79                android:name="com.google.firebase.components:com.google.firebase.firestore.FirestoreRegistrar"
79-->[com.google.firebase:firebase-firestore:24.1.0] AndroidManifest.xml:21:17-111
80                android:value="com.google.firebase.components.ComponentRegistrar" />
80-->[com.google.firebase:firebase-firestore:24.1.0] AndroidManifest.xml:22:17-82
81            <meta-data
81-->[com.google.firebase:firebase-iid:21.1.0] AndroidManifest.xml:32:13-34:85
82                android:name="com.google.firebase.components:com.google.firebase.iid.Registrar"
82-->[com.google.firebase:firebase-iid:21.1.0] AndroidManifest.xml:33:17-96
83                android:value="com.google.firebase.components.ComponentRegistrar" />
83-->[com.google.firebase:firebase-iid:21.1.0] AndroidManifest.xml:34:17-82
84            <meta-data
84-->[com.google.android.gms:play-services-measurement-api:20.1.1] AndroidManifest.xml:31:13-33:85
85                android:name="com.google.firebase.components:com.google.firebase.analytics.connector.internal.AnalyticsConnectorRegistrar"
85-->[com.google.android.gms:play-services-measurement-api:20.1.1] AndroidManifest.xml:32:17-139
86                android:value="com.google.firebase.components.ComponentRegistrar" />
86-->[com.google.android.gms:play-services-measurement-api:20.1.1] AndroidManifest.xml:33:17-82
87            <meta-data
87-->[com.google.firebase:firebase-installations:17.0.1] AndroidManifest.xml:18:13-20:85
88                android:name="com.google.firebase.components:com.google.firebase.installations.FirebaseInstallationsRegistrar"
88-->[com.google.firebase:firebase-installations:17.0.1] AndroidManifest.xml:19:17-127
89                android:value="com.google.firebase.components.ComponentRegistrar" />
89-->[com.google.firebase:firebase-installations:17.0.1] AndroidManifest.xml:20:17-82
90        </service>
91        <service
91-->[com.google.android.gms:play-services-mlkit-language-id:17.0.0-beta1] AndroidManifest.xml:8:9-14:19
92            android:name="com.google.mlkit.common.internal.MlKitComponentDiscoveryService"
92-->[com.google.android.gms:play-services-mlkit-language-id:17.0.0-beta1] AndroidManifest.xml:9:13-91
93            android:directBootAware="true"
93-->[com.google.mlkit:common:18.0.0] AndroidManifest.xml:17:13-43
94            android:exported="false" >
94-->[com.google.android.gms:play-services-mlkit-language-id:17.0.0-beta1] AndroidManifest.xml:10:13-37
95            <meta-data
95-->[com.google.android.gms:play-services-mlkit-language-id:17.0.0-beta1] AndroidManifest.xml:11:13-13:85
96                android:name="com.google.firebase.components:com.google.mlkit.nl.languageid.internal.LanguageIdRegistrar"
96-->[com.google.android.gms:play-services-mlkit-language-id:17.0.0-beta1] AndroidManifest.xml:12:17-122
97                android:value="com.google.firebase.components.ComponentRegistrar" />
97-->[com.google.android.gms:play-services-mlkit-language-id:17.0.0-beta1] AndroidManifest.xml:13:17-82
98            <meta-data
98-->[com.google.android.gms:play-services-mlkit-text-recognition-common:17.0.0] AndroidManifest.xml:12:13-14:85
99                android:name="com.google.firebase.components:com.google.mlkit.vision.text.internal.TextRegistrar"
99-->[com.google.android.gms:play-services-mlkit-text-recognition-common:17.0.0] AndroidManifest.xml:13:17-114
100                android:value="com.google.firebase.components.ComponentRegistrar" />
100-->[com.google.android.gms:play-services-mlkit-text-recognition-common:17.0.0] AndroidManifest.xml:14:17-82
101            <meta-data
101-->[com.google.mlkit:vision-common:17.0.0] AndroidManifest.xml:12:13-14:85
102                android:name="com.google.firebase.components:com.google.mlkit.vision.common.internal.VisionCommonRegistrar"
102-->[com.google.mlkit:vision-common:17.0.0] AndroidManifest.xml:13:17-124
103                android:value="com.google.firebase.components.ComponentRegistrar" />
103-->[com.google.mlkit:vision-common:17.0.0] AndroidManifest.xml:14:17-82
104            <meta-data
104-->[com.google.mlkit:common:18.0.0] AndroidManifest.xml:20:13-22:85
105                android:name="com.google.firebase.components:com.google.mlkit.common.internal.CommonComponentRegistrar"
105-->[com.google.mlkit:common:18.0.0] AndroidManifest.xml:21:17-120
106                android:value="com.google.firebase.components.ComponentRegistrar" />
106-->[com.google.mlkit:common:18.0.0] AndroidManifest.xml:22:17-82
107        </service>
108
109        <uses-library
109-->[androidx.camera:camera-extensions:1.1.0-beta01] AndroidManifest.xml:31:9-33:40
110            android:name="androidx.camera.extensions.impl"
110-->[androidx.camera:camera-extensions:1.1.0-beta01] AndroidManifest.xml:32:13-59
111            android:required="false" />
111-->[androidx.camera:camera-extensions:1.1.0-beta01] AndroidManifest.xml:33:13-37
112
113        <service
113-->[androidx.camera:camera-camera2:1.1.0-beta01] AndroidManifest.xml:26:9-35:19
114            android:name="androidx.camera.core.impl.MetadataHolderService"
114-->[androidx.camera:camera-camera2:1.1.0-beta01] AndroidManifest.xml:27:13-75
115            android:enabled="false"
115-->[androidx.camera:camera-camera2:1.1.0-beta01] AndroidManifest.xml:28:13-36
116            android:exported="false" >
116-->[androidx.camera:camera-camera2:1.1.0-beta01] AndroidManifest.xml:29:13-37
117            <meta-data
117-->[androidx.camera:camera-camera2:1.1.0-beta01] AndroidManifest.xml:32:13-34:89
118                android:name="androidx.camera.core.impl.MetadataHolderService.DEFAULT_CONFIG_PROVIDER"
118-->[androidx.camera:camera-camera2:1.1.0-beta01] AndroidManifest.xml:33:17-103
119                android:value="androidx.camera.camera2.Camera2Config$DefaultProvider" />
119-->[androidx.camera:camera-camera2:1.1.0-beta01] AndroidManifest.xml:34:17-86
120        </service>
121
122        <provider
122-->[com.google.mlkit:common:18.0.0] AndroidManifest.xml:9:9-13:38
123            android:name="com.google.mlkit.common.internal.MlKitInitProvider"
123-->[com.google.mlkit:common:18.0.0] AndroidManifest.xml:10:13-78
124            android:authorities="com.example.basiccode.mlkitinitprovider"
124-->[com.google.mlkit:common:18.0.0] AndroidManifest.xml:11:13-69
125            android:exported="false"
125-->[com.google.mlkit:common:18.0.0] AndroidManifest.xml:12:13-37
126            android:initOrder="99" />
126-->[com.google.mlkit:common:18.0.0] AndroidManifest.xml:13:13-35
127
128        <service
128-->[com.google.android.datatransport:transport-backend-cct:2.3.3] AndroidManifest.xml:29:9-35:19
129            android:name="com.google.android.datatransport.runtime.backends.TransportBackendDiscovery"
129-->[com.google.android.datatransport:transport-backend-cct:2.3.3] AndroidManifest.xml:30:13-103
130            android:exported="false" >
130-->[com.google.android.datatransport:transport-backend-cct:2.3.3] AndroidManifest.xml:31:13-37
131            <meta-data
131-->[com.google.android.datatransport:transport-backend-cct:2.3.3] AndroidManifest.xml:32:13-34:39
132                android:name="backend:com.google.android.datatransport.cct.CctBackendFactory"
132-->[com.google.android.datatransport:transport-backend-cct:2.3.3] AndroidManifest.xml:33:17-94
133                android:value="cct" />
133-->[com.google.android.datatransport:transport-backend-cct:2.3.3] AndroidManifest.xml:34:17-36
134        </service>
135
136        <provider
136-->[com.google.firebase:firebase-common:20.1.0] AndroidManifest.xml:26:9-31:39
137            android:name="com.google.firebase.provider.FirebaseInitProvider"
137-->[com.google.firebase:firebase-common:20.1.0] AndroidManifest.xml:27:13-77
138            android:authorities="com.example.basiccode.firebaseinitprovider"
138-->[com.google.firebase:firebase-common:20.1.0] AndroidManifest.xml:28:13-72
139            android:directBootAware="true"
139-->[com.google.firebase:firebase-common:20.1.0] AndroidManifest.xml:29:13-43
140            android:exported="false"
140-->[com.google.firebase:firebase-common:20.1.0] AndroidManifest.xml:30:13-37
141            android:initOrder="100" />
141-->[com.google.firebase:firebase-common:20.1.0] AndroidManifest.xml:31:13-36
142
143        <activity
143-->[com.google.android.gms:play-services-base:18.0.1] AndroidManifest.xml:20:9-22:45
144            android:name="com.google.android.gms.common.api.GoogleApiActivity"
144-->[com.google.android.gms:play-services-base:18.0.1] AndroidManifest.xml:20:19-85
145            android:exported="false"
145-->[com.google.android.gms:play-services-base:18.0.1] AndroidManifest.xml:22:19-43
146            android:theme="@android:style/Theme.Translucent.NoTitleBar" />
146-->[com.google.android.gms:play-services-base:18.0.1] AndroidManifest.xml:21:19-78
147
148        <receiver
148-->[com.google.android.gms:play-services-measurement:20.1.1] AndroidManifest.xml:29:9-33:20
149            android:name="com.google.android.gms.measurement.AppMeasurementReceiver"
149-->[com.google.android.gms:play-services-measurement:20.1.1] AndroidManifest.xml:30:13-85
150            android:enabled="true"
150-->[com.google.android.gms:play-services-measurement:20.1.1] AndroidManifest.xml:31:13-35
151            android:exported="false" >
151-->[com.google.android.gms:play-services-measurement:20.1.1] AndroidManifest.xml:32:13-37
152        </receiver>
153
154        <service
154-->[com.google.android.gms:play-services-measurement:20.1.1] AndroidManifest.xml:35:9-38:40
155            android:name="com.google.android.gms.measurement.AppMeasurementService"
155-->[com.google.android.gms:play-services-measurement:20.1.1] AndroidManifest.xml:36:13-84
156            android:enabled="true"
156-->[com.google.android.gms:play-services-measurement:20.1.1] AndroidManifest.xml:37:13-35
157            android:exported="false" />
157-->[com.google.android.gms:play-services-measurement:20.1.1] AndroidManifest.xml:38:13-37
158        <service
158-->[com.google.android.gms:play-services-measurement:20.1.1] AndroidManifest.xml:39:9-43:72
159            android:name="com.google.android.gms.measurement.AppMeasurementJobService"
159-->[com.google.android.gms:play-services-measurement:20.1.1] AndroidManifest.xml:40:13-87
160            android:enabled="true"
160-->[com.google.android.gms:play-services-measurement:20.1.1] AndroidManifest.xml:41:13-35
161            android:exported="false"
161-->[com.google.android.gms:play-services-measurement:20.1.1] AndroidManifest.xml:42:13-37
162            android:permission="android.permission.BIND_JOB_SERVICE" />
162-->[com.google.android.gms:play-services-measurement:20.1.1] AndroidManifest.xml:43:13-69
163
164        <meta-data
164-->[com.google.android.gms:play-services-basement:18.0.0] AndroidManifest.xml:21:9-23:69
165            android:name="com.google.android.gms.version"
165-->[com.google.android.gms:play-services-basement:18.0.0] AndroidManifest.xml:22:13-58
166            android:value="@integer/google_play_services_version" />
166-->[com.google.android.gms:play-services-basement:18.0.0] AndroidManifest.xml:23:13-66
167
168        <provider
168-->[androidx.emoji2:emoji2:1.0.0] AndroidManifest.xml:26:9-34:20
169            android:name="androidx.startup.InitializationProvider"
169-->[androidx.emoji2:emoji2:1.0.0] AndroidManifest.xml:27:13-67
170            android:authorities="com.example.basiccode.androidx-startup"
170-->[androidx.emoji2:emoji2:1.0.0] AndroidManifest.xml:28:13-68
171            android:exported="false" >
171-->[androidx.emoji2:emoji2:1.0.0] AndroidManifest.xml:29:13-37
172            <meta-data
172-->[androidx.emoji2:emoji2:1.0.0] AndroidManifest.xml:31:13-33:52
173                android:name="androidx.emoji2.text.EmojiCompatInitializer"
173-->[androidx.emoji2:emoji2:1.0.0] AndroidManifest.xml:32:17-75
174                android:value="androidx.startup" />
174-->[androidx.emoji2:emoji2:1.0.0] AndroidManifest.xml:33:17-49
175            <meta-data
175-->[androidx.lifecycle:lifecycle-process:2.4.0] AndroidManifest.xml:31:13-33:52
176                android:name="androidx.lifecycle.ProcessLifecycleInitializer"
176-->[androidx.lifecycle:lifecycle-process:2.4.0] AndroidManifest.xml:32:17-78
177                android:value="androidx.startup" />
177-->[androidx.lifecycle:lifecycle-process:2.4.0] AndroidManifest.xml:33:17-49
178        </provider>
179
180        <service
180-->[com.google.android.datatransport:transport-runtime:2.2.6] AndroidManifest.xml:26:9-30:19
181            android:name="com.google.android.datatransport.runtime.scheduling.jobscheduling.JobInfoSchedulerService"
181-->[com.google.android.datatransport:transport-runtime:2.2.6] AndroidManifest.xml:27:13-117
182            android:exported="false"
182-->[com.google.android.datatransport:transport-runtime:2.2.6] AndroidManifest.xml:28:13-37
183            android:permission="android.permission.BIND_JOB_SERVICE" >
183-->[com.google.android.datatransport:transport-runtime:2.2.6] AndroidManifest.xml:29:13-69
184        </service>
185
186        <receiver
186-->[com.google.android.datatransport:transport-runtime:2.2.6] AndroidManifest.xml:32:9-34:40
187            android:name="com.google.android.datatransport.runtime.scheduling.jobscheduling.AlarmManagerSchedulerBroadcastReceiver"
187-->[com.google.android.datatransport:transport-runtime:2.2.6] AndroidManifest.xml:33:13-132
188            android:exported="false" />
188-->[com.google.android.datatransport:transport-runtime:2.2.6] AndroidManifest.xml:34:13-37
189    </application>
190
191</manifest>